g:\вся хуйня\диплом\repos\рассчет положения судна\рассчет положения судна\x64\debug\vc143.pdb
g:\вся хуйня\диплом\repos\рассчет положения судна\рассчет положения судна\x64\debug\.netframework,version=v4.7.2.assemblyattributes.obj
g:\вся хуйня\диплом\repos\рассчет положения судна\рассчет положения судна\x64\debug\рассчет положения судна.obj
g:\вся хуйня\диплом\repos\рассчет положения судна\x64\debug\рассчет положения судна.exe
g:\вся хуйня\диплом\repos\рассчет положения судна\x64\debug\рассчет положения судна.pdb
g:\вся хуйня\диплом\repos\рассчет положения судна\рассчет положения судна\x64\debug\рассчет .97c08ff4.tlog\cl.command.1.tlog
g:\вся хуйня\диплом\repos\рассчет положения судна\рассчет положения судна\x64\debug\рассчет .97c08ff4.tlog\cl.items.tlog
g:\вся хуйня\диплом\repos\рассчет положения судна\рассчет положения судна\x64\debug\рассчет .97c08ff4.tlog\cl.read.1.tlog
g:\вся хуйня\диплом\repos\рассчет положения судна\рассчет положения судна\x64\debug\рассчет .97c08ff4.tlog\cl.write.1.tlog
g:\вся хуйня\диплом\repos\рассчет положения судна\рассчет положения судна\x64\debug\рассчет .97c08ff4.tlog\link.command.1.tlog
g:\вся хуйня\диплом\repos\рассчет положения судна\рассчет положения судна\x64\debug\рассчет .97c08ff4.tlog\link.read.1.tlog
g:\вся хуйня\диплом\repos\рассчет положения судна\рассчет положения судна\x64\debug\рассчет .97c08ff4.tlog\link.write.1.tlog
g:\вся хуйня\диплом\repos\рассчет положения судна\рассчет положения судна\x64\debug\рассчет .97c08ff4.tlog\metagen.read.1.tlog
g:\вся хуйня\диплом\repos\рассчет положения судна\рассчет положения судна\x64\debug\рассчет .97c08ff4.tlog\metagen.write.1.tlog
g:\вся хуйня\диплом\repos\рассчет положения судна\рассчет положения судна\x64\debug\рассчет .97c08ff4.tlog\rc.command.1.tlog
g:\вся хуйня\диплом\repos\рассчет положения судна\рассчет положения судна\x64\debug\рассчет .97c08ff4.tlog\rc.read.1.tlog
g:\вся хуйня\диплом\repos\рассчет положения судна\рассчет положения судна\x64\debug\рассчет .97c08ff4.tlog\rc.write.1.tlog
g:\вся хуйня\диплом\repos\рассчет положения судна\рассчет положения судна\x64\debug\рассчет .97c08ff4.tlog\resgen.command.1.tlog
g:\вся хуйня\диплом\repos\рассчет положения судна\рассчет положения судна\x64\debug\рассчет .97c08ff4.tlog\resgen.read.1.tlog
g:\вся хуйня\диплом\repos\рассчет положения судна\рассчет положения судна\x64\debug\рассчет .97c08ff4.tlog\resgen.write.1.tlog
